CRITICAL - 2023-05-19 12:53:09 --> include_once(MahasiswaModel): Failed to open stream: No such file or directory
in APPPATH\Views\biodata.php on line 217.
 1 APPPATH\Views\biodata.php(217): CodeIgniter\Debug\Exceptions->errorHandler(2, 'include_once(MahasiswaModel): Failed to open stream: No such file or directory', 'C:\\xampp\\htdocs\\PRAK601\\PRAK601\\app\\Views\\biodata.php', 217)
 2 APPPATH\Views\biodata.php(217): include_once()
 3 SYSTEMPATH\View\View.php(213): include('C:\\xampp\\htdocs\\PRAK601\\PRAK601\\app\\Views\\biodata.php')
 4 SYSTEMPATH\View\View.php(216): CodeIgniter\View\View->CodeIgniter\View\{closure}()
 5 SYSTEMPATH\Common.php(1184): CodeIgniter\View\View->render('biodata', [], true)
 6 APPPATH\Controllers\Home.php(19): view('biodata')
 7 SYSTEMPATH\CodeIgniter.php(934): App\Controllers\Home->biodata()
 8 SYSTEMPATH\CodeIgniter.php(499): CodeIgniter\CodeIgniter->runController(Object(App\Controllers\Home))
 9 SYSTEMPATH\CodeIgniter.php(368): CodeIgniter\CodeIgniter->handleRequest(null, Object(Config\Cache), false)
10 FCPATH\index.php(67): CodeIgniter\CodeIgniter->run()
11 SYSTEMPATH\Commands\Server\rewrite.php(47): require_once('C:\\xampp\\htdocs\\PRAK601\\PRAK601\\public\\index.php')
CRITICAL - 2023-05-19 12:53:14 --> include_once(MahasiswaModel): Failed to open stream: No such file or directory
in APPPATH\Views\biodata.php on line 217.
 1 APPPATH\Views\biodata.php(217): CodeIgniter\Debug\Exceptions->errorHandler(2, 'include_once(MahasiswaModel): Failed to open stream: No such file or directory', 'C:\\xampp\\htdocs\\PRAK601\\PRAK601\\app\\Views\\biodata.php', 217)
 2 APPPATH\Views\biodata.php(217): include_once()
 3 SYSTEMPATH\View\View.php(213): include('C:\\xampp\\htdocs\\PRAK601\\PRAK601\\app\\Views\\biodata.php')
 4 SYSTEMPATH\View\View.php(216): CodeIgniter\View\View->CodeIgniter\View\{closure}()
 5 SYSTEMPATH\Common.php(1184): CodeIgniter\View\View->render('biodata', [], true)
 6 APPPATH\Controllers\Home.php(19): view('biodata')
 7 SYSTEMPATH\CodeIgniter.php(934): App\Controllers\Home->biodata()
 8 SYSTEMPATH\CodeIgniter.php(499): CodeIgniter\CodeIgniter->runController(Object(App\Controllers\Home))
 9 SYSTEMPATH\CodeIgniter.php(368): CodeIgniter\CodeIgniter->handleRequest(null, Object(Config\Cache), false)
10 FCPATH\index.php(67): CodeIgniter\CodeIgniter->run()
11 SYSTEMPATH\Commands\Server\rewrite.php(47): require_once('C:\\xampp\\htdocs\\PRAK601\\PRAK601\\public\\index.php')
CRITICAL - 2023-05-19 12:53:42 --> include_once(MahasiswaModel): Failed to open stream: No such file or directory
in APPPATH\Views\index.php on line 319.
 1 APPPATH\Views\index.php(319): CodeIgniter\Debug\Exceptions->errorHandler(2, 'include_once(MahasiswaModel): Failed to open stream: No such file or directory', 'C:\\xampp\\htdocs\\PRAK601\\PRAK601\\app\\Views\\index.php', 319)
 2 APPPATH\Views\index.php(319): include_once()
 3 SYSTEMPATH\View\View.php(213): include('C:\\xampp\\htdocs\\PRAK601\\PRAK601\\app\\Views\\index.php')
 4 SYSTEMPATH\View\View.php(216): CodeIgniter\View\View->CodeIgniter\View\{closure}()
 5 SYSTEMPATH\Common.php(1184): CodeIgniter\View\View->render('index', [], true)
 6 APPPATH\Controllers\Home.php(14): view('index', [...])
 7 SYSTEMPATH\CodeIgniter.php(934): App\Controllers\Home->index()
 8 SYSTEMPATH\CodeIgniter.php(499): CodeIgniter\CodeIgniter->runController(Object(App\Controllers\Home))
 9 SYSTEMPATH\CodeIgniter.php(368): CodeIgniter\CodeIgniter->handleRequest(null, Object(Config\Cache), false)
10 FCPATH\index.php(67): CodeIgniter\CodeIgniter->run()
11 SYSTEMPATH\Commands\Server\rewrite.php(47): require_once('C:\\xampp\\htdocs\\PRAK601\\PRAK601\\public\\index.php')
